Using pre-set license
Built from '2021.1/staging' branch; Version is '2021.1.12f1 (afcadd793de6) revision 11520733'; Using compiler version '192528614'; Build Type 'Release'
OS: 'Windows 10 Pro; OS build 18363.1379; Version 1909; 64bit' Language: 'en' Physical Memory: 32708 MB
BatchMode: 1, IsHumanControllingUs: 0, StartBugReporterOnCrash: 0, Is64bit: 1, IsPro: 0

 COMMAND LINE ARGUMENTS:
C:\Program Files\Unity\Hub\Editor\2021.1.12f1\Editor\Unity.exe
-adb2
-batchMode
-noUpm
-name
AssetImportWorker0
-projectPath
C:/Users/crussell2/CRussell_AGA307-InClass
-logFile
Logs/AssetImportWorker0.log
-srvPort
53578
Successfully changed project path to: C:/Users/crussell2/CRussell_AGA307-InClass
C:/Users/crussell2/CRussell_AGA307-InClass
Using Asset Import Pipeline V2.
Refreshing native plugins compatible for Editor in 21.02 ms, found 0 plugins.
Preloading 0 native plugins for Editor in 0.00 ms.
Initialize engine version: 2021.1.12f1 (afcadd793de6)
[Subsystems] Discovering subsystems at path C:/Program Files/Unity/Hub/Editor/2021.1.12f1/Editor/Data/Resources/UnitySubsystems
[Subsystems] Discovering subsystems at path C:/Users/crussell2/CRussell_AGA307-InClass/Assets
GfxDevice: creating device client; threaded=0; jobified=0
Direct3D:
    Version:  Direct3D 11.0 [level 11.1]
    Renderer: NVIDIA GeForce RTX 2060 (ID=0x1f08)
    Vendor:   NVIDIA
    VRAM:     5980 MB
    Driver:   27.21.14.5671
Initialize mono
Mono path[0] = 'C:/Program Files/Unity/Hub/Editor/2021.1.12f1/Editor/Data/Managed'
Mono path[1] = 'C:/Program Files/Unity/Hub/Editor/2021.1.12f1/Editor/Data/MonoBleedingEdge/lib/mono/unityjit'
Mono config path = 'C:/Program Files/Unity/Hub/Editor/2021.1.12f1/Editor/Data/MonoBleedingEdge/etc'
Using monoOptions --debugger-agent=transport=dt_socket,embedding=1,server=y,suspend=n,address=127.0.0.1:56124
Begin MonoManager ReloadAssembly
Registering precompiled unity dll's ...
Register platform support module: C:/Program Files/Unity/Hub/Editor/2021.1.12f1/Editor/Data/PlaybackEngines/WindowsStandaloneSupport/UnityEditor.WindowsStandalone.Extensions.dll
Registered in 0.001516 seconds.
Native extension for WindowsStandalone target not found
Refreshing native plugins compatible for Editor in 22.29 ms, found 0 plugins.
Preloading 0 native plugins for Editor in 0.00 ms.
Mono: successfully reloaded assembly
- Completed reload, in  1.184 seconds
Domain Reload Profiling:
	ReloadAssembly (1184ms)
		BeginReloadAssembly (55ms)
			ExecutionOrderSort (0ms)
			DisableScriptedObjects (0ms)
			BackupInstance (0ms)
			ReleaseScriptingObjects (0ms)
			CreateAndSetChildDomain (1ms)
		EndReloadAssembly (351ms)
			LoadAssemblies (53ms)
			RebuildTransferFunctionScriptingTraits (0ms)
			SetupTypeCache (144ms)
			ReleaseScriptCaches (0ms)
			RebuildScriptCaches (27ms)
			SetupLoadedEditorAssemblies (141ms)
				LogAssemblyErrors (0ms)
				InitializePlatformSupportModulesInManaged (5ms)
				SetLoadedEditorAssemblies (0ms)
				RefreshPlugins (22ms)
				BeforeProcessingInitializeOnLoad (2ms)
				ProcessInitializeOnLoadAttributes (85ms)
				ProcessInitializeOnLoadMethodAttributes (28ms)
				AfterProcessingInitializeOnLoad (0ms)
				EditorAssembliesLoaded (0ms)
			ExecutionOrderSort2 (0ms)
			AwakeInstancesAfterBackupRestoration (0ms)
Platform modules already initialized, skipping
Registering precompiled user dll's ...
Registered in 0.001370 seconds.
Begin MonoManager ReloadAssembly
Native extension for WindowsStandalone target not found
Refreshing native plugins compatible for Editor in 0.24 ms, found 0 plugins.
Preloading 0 native plugins for Editor in 0.00 ms.
Mono: successfully reloaded assembly
- Completed reload, in  0.909 seconds
Domain Reload Profiling:
	ReloadAssembly (909ms)
		BeginReloadAssembly (146ms)
			ExecutionOrderSort (0ms)
			DisableScriptedObjects (4ms)
			BackupInstance (0ms)
			ReleaseScriptingObjects (0ms)
			CreateAndSetChildDomain (18ms)
		EndReloadAssembly (708ms)
			LoadAssemblies (87ms)
			RebuildTransferFunctionScriptingTraits (0ms)
			SetupTypeCache (242ms)
			ReleaseScriptCaches (0ms)
			RebuildScriptCaches (34ms)
			SetupLoadedEditorAssemblies (272ms)
				LogAssemblyErrors (0ms)
				InitializePlatformSupportModulesInManaged (4ms)
				SetLoadedEditorAssemblies (0ms)
				RefreshPlugins (0ms)
				BeforeProcessingInitializeOnLoad (41ms)
				ProcessInitializeOnLoadAttributes (214ms)
				ProcessInitializeOnLoadMethodAttributes (5ms)
				AfterProcessingInitializeOnLoad (7ms)
				EditorAssembliesLoaded (0ms)
			ExecutionOrderSort2 (0ms)
			AwakeInstancesAfterBackupRestoration (6ms)
Platform modules already initialized, skipping
========================================================================
Worker process is ready to serve import requests
Launched and connected shader compiler UnityShaderCompiler.exe after 0.05 seconds
Refreshing native plugins compatible for Editor in 0.25 ms, found 0 plugins.
Preloading 0 native plugins for Editor in 0.00 ms.
Unloading 1229 Unused Serialized files (Serialized files now loaded: 0)
System memory in use before: 69.9 MB.
System memory in use after: 70.0 MB.

Unloading 11 unused Assets to reduce memory usage. Loaded Objects now: 1694.
Total: 1.844000 ms (FindLiveObjects: 0.116400 ms CreateObjectMapping: 0.042800 ms MarkObjects: 1.588700 ms  DeleteObjects: 0.095100 ms)

AssetImportParameters requested are different than current active one (requested -> active):
  custom:framework-win-MediaFoundation: 216162199b28c13a410421893ffa2e32 -> 
  custom:video-decoder-ogg-theora: a1e56fd34408186e4bbccfd4996cb3dc -> 
  custom:container-muxer-webm: aa71ff27fc2769a1b78a27578f13a17b -> 
  custom:container-demuxer-webm: 4f35f7cbe854078d1ac9338744f61a02 -> 
  custom:container-demuxer-ogg: 62fdf1f143b41e24485cea50d1cbac27 -> 
  custom:video-encoder-webm-vp8: eb34c28f22e8b96e1ab97ce403110664 -> 
  custom:video-decoder-webm-vp8: 9c59270c3fd7afecdb556c50c9e8de78 -> 
  custom:audio-decoder-ogg-vorbis: bf7c407c2cedff20999df2af8eb42d56 -> 
  custom:audio-encoder-webm-vorbis: bf7c407c2cedff20999df2af8eb42d56 -> 
========================================================================
Received Import Request.
  path: Assets/Scripts/Door.cs
  artifactKey: Guid(e9cdf5042f137e049ba625c302d62385) Importer(815301076,1909f56bfc062723c751e8b465ee728b)
Start importing Assets/Scripts/Door.cs using Guid(e9cdf5042f137e049ba625c302d62385) Importer(815301076,1909f56bfc062723c751e8b465ee728b)  -> (artifact id: '9ee9054000fadcb835e37a722eb93adb') in 0.018200 seconds 
========================================================================
Received Import Request.
  Time since last request: 28.022900 seconds.
  path: Assets/Scripts/Enemy.cs
  artifactKey: Guid(330b6cd1724e6e3448baffc4e79e3c01) Importer(815301076,1909f56bfc062723c751e8b465ee728b)
Start importing Assets/Scripts/Enemy.cs using Guid(330b6cd1724e6e3448baffc4e79e3c01) Importer(815301076,1909f56bfc062723c751e8b465ee728b)  -> (artifact id: '62f37c10148b16100888309257367c4a') in 0.001825 seconds 
========================================================================
Received Import Request.
  Time since last request: 4.618248 seconds.
  path: Assets/Scripts/EnemyManager.cs
  artifactKey: Guid(f12e36dbfbe35494d9ff8ee4c4e4f4ed) Importer(815301076,1909f56bfc062723c751e8b465ee728b)
Start importing Assets/Scripts/EnemyManager.cs using Guid(f12e36dbfbe35494d9ff8ee4c4e4f4ed) Importer(815301076,1909f56bfc062723c751e8b465ee728b)  -> (artifact id: '0eb3ea5e1763bee7a87b6ea8cafcb240') in 0.001692 seconds 
========================================================================
Received Import Request.
  Time since last request: 9.628531 seconds.
  path: Assets/Scripts/FiringPoint.cs
  artifactKey: Guid(348b3c1e451a9fc4eb09a22463a1b7d8) Importer(815301076,1909f56bfc062723c751e8b465ee728b)
Start importing Assets/Scripts/FiringPoint.cs using Guid(348b3c1e451a9fc4eb09a22463a1b7d8) Importer(815301076,1909f56bfc062723c751e8b465ee728b)  -> (artifact id: 'e90cdd2a199921d9b4f70018f4d691f1') in 0.002054 seconds 
========================================================================
Received Import Request.
  Time since last request: 3.276723 seconds.
  path: Assets/Scripts/GameBehaviour.cs
  artifactKey: Guid(bc7ec7e58e7487242bba64d4f1c0ddc3) Importer(815301076,1909f56bfc062723c751e8b465ee728b)
Start importing Assets/Scripts/GameBehaviour.cs using Guid(bc7ec7e58e7487242bba64d4f1c0ddc3) Importer(815301076,1909f56bfc062723c751e8b465ee728b)  -> (artifact id: '9341c500f49ef95053a84ad47b570aa3') in 0.001846 seconds 
========================================================================
Received Import Request.
  Time since last request: 3.091558 seconds.
  path: Assets/Scripts/GameManager.cs
  artifactKey: Guid(55eb10abd6810e841a675bf7d9b99fdb) Importer(815301076,1909f56bfc062723c751e8b465ee728b)
Start importing Assets/Scripts/GameManager.cs using Guid(55eb10abd6810e841a675bf7d9b99fdb) Importer(815301076,1909f56bfc062723c751e8b465ee728b)  -> (artifact id: '61611faf0a694ab35251cf4e7e5cb96c') in 0.001775 seconds 
========================================================================
Received Import Request.
  Time since last request: 27.303939 seconds.
  path: Assets/Scripts/MouseLook.cs
  artifactKey: Guid(3f26449d2e8ad6c4c84e0e3fdcae04a3) Importer(815301076,1909f56bfc062723c751e8b465ee728b)
Start importing Assets/Scripts/MouseLook.cs using Guid(3f26449d2e8ad6c4c84e0e3fdcae04a3) Importer(815301076,1909f56bfc062723c751e8b465ee728b)  -> (artifact id: 'cc3e8aef4913f6b0c50f4a191fa3be55') in 0.001793 seconds 
========================================================================
Received Import Request.
  Time since last request: 4.145687 seconds.
  path: Assets/Scripts/PlayerMovement.cs
  artifactKey: Guid(a09ebbe13415b724f887b860ed05bb37) Importer(815301076,1909f56bfc062723c751e8b465ee728b)
Start importing Assets/Scripts/PlayerMovement.cs using Guid(a09ebbe13415b724f887b860ed05bb37) Importer(815301076,1909f56bfc062723c751e8b465ee728b)  -> (artifact id: '7d94c11f7c0717e94a909f3aae352b06') in 0.001668 seconds 
========================================================================
Received Import Request.
  Time since last request: 3.044600 seconds.
  path: Assets/Scripts/Projectile.cs
  artifactKey: Guid(295d9a3899fe2af4ea0a2bb734ca818b) Importer(815301076,1909f56bfc062723c751e8b465ee728b)
Start importing Assets/Scripts/Projectile.cs using Guid(295d9a3899fe2af4ea0a2bb734ca818b) Importer(815301076,1909f56bfc062723c751e8b465ee728b)  -> (artifact id: '1a182469c072c3fa91406f309f4ae9f7') in 0.001922 seconds 
========================================================================
Received Import Request.
  Time since last request: 2.989633 seconds.
  path: Assets/Scripts/Singleton.cs
  artifactKey: Guid(32ff0181076517d4abcd72d9dddc5597) Importer(815301076,1909f56bfc062723c751e8b465ee728b)
Start importing Assets/Scripts/Singleton.cs using Guid(32ff0181076517d4abcd72d9dddc5597) Importer(815301076,1909f56bfc062723c751e8b465ee728b)  -> (artifact id: 'c6d19566fc0b5993fa1ab6a581a483fc') in 0.001985 seconds 
========================================================================
Received Import Request.
  Time since last request: 3.061608 seconds.
  path: Assets/Scripts/TriggerPad.cs
  artifactKey: Guid(b4cbe74a6c227a44d8ca17b480d2ea6b) Importer(815301076,1909f56bfc062723c751e8b465ee728b)
Start importing Assets/Scripts/TriggerPad.cs using Guid(b4cbe74a6c227a44d8ca17b480d2ea6b) Importer(815301076,1909f56bfc062723c751e8b465ee728b)  -> (artifact id: '7a52bdcc816c46661f0d5c8eb9a66c80') in 0.001972 seconds 
========================================================================
Received Import Request.
  Time since last request: 5.594220 seconds.
  path: Assets/Scripts/UIManager.cs
  artifactKey: Guid(102825e924d9f5349a004ebfab27e8ca) Importer(815301076,1909f56bfc062723c751e8b465ee728b)
Start importing Assets/Scripts/UIManager.cs using Guid(102825e924d9f5349a004ebfab27e8ca) Importer(815301076,1909f56bfc062723c751e8b465ee728b)  -> (artifact id: '1d2720ebace39792423179391540c536') in 0.001894 seconds 
========================================================================
Received Import Request.
  Time since last request: 5.203565 seconds.
  path: Assets/Scripts/Week1.cs
  artifactKey: Guid(22d86ee45302cbc458d0eb0f70818d62) Importer(815301076,1909f56bfc062723c751e8b465ee728b)
Start importing Assets/Scripts/Week1.cs using Guid(22d86ee45302cbc458d0eb0f70818d62) Importer(815301076,1909f56bfc062723c751e8b465ee728b)  -> (artifact id: '45e68ecdf1513ccce132f2bf3f31d5d3') in 0.002011 seconds 
========================================================================
Received Prepare
Registering precompiled user dll's ...
Registered in 0.001026 seconds.
Begin MonoManager ReloadAssembly
Native extension for WindowsStandalone target not found
Refreshing native plugins compatible for Editor in 0.20 ms, found 0 plugins.
Preloading 0 native plugins for Editor in 0.00 ms.
Mono: successfully reloaded assembly
- Completed reload, in  0.899 seconds
Domain Reload Profiling:
	ReloadAssembly (899ms)
		BeginReloadAssembly (97ms)
			ExecutionOrderSort (0ms)
			DisableScriptedObjects (4ms)
			BackupInstance (0ms)
			ReleaseScriptingObjects (0ms)
			CreateAndSetChildDomain (23ms)
		EndReloadAssembly (751ms)
			LoadAssemblies (78ms)
			RebuildTransferFunctionScriptingTraits (0ms)
			SetupTypeCache (239ms)
			ReleaseScriptCaches (0ms)
			RebuildScriptCaches (28ms)
			SetupLoadedEditorAssemblies (324ms)
				LogAssemblyErrors (0ms)
				InitializePlatformSupportModulesInManaged (4ms)
				SetLoadedEditorAssemblies (0ms)
				RefreshPlugins (0ms)
				BeforeProcessingInitializeOnLoad (33ms)
				ProcessInitializeOnLoadAttributes (276ms)
				ProcessInitializeOnLoadMethodAttributes (4ms)
				AfterProcessingInitializeOnLoad (6ms)
				EditorAssembliesLoaded (0ms)
			ExecutionOrderSort2 (0ms)
			AwakeInstancesAfterBackupRestoration (6ms)
Platform modules already initialized, skipping
Refreshing native plugins compatible for Editor in 0.21 ms, found 0 plugins.
Preloading 0 native plugins for Editor in 0.00 ms.
Unloading 1185 Unused Serialized files (Serialized files now loaded: 0)
System memory in use before: 66.1 MB.
System memory in use after: 66.2 MB.

Unloading 6 unused Assets to reduce memory usage. Loaded Objects now: 1695.
Total: 1.486600 ms (FindLiveObjects: 0.104500 ms CreateObjectMapping: 0.034100 ms MarkObjects: 1.331400 ms  DeleteObjects: 0.015900 ms)

AssetImportParameters requested are different than current active one (requested -> active):
  custom:framework-win-MediaFoundation: 216162199b28c13a410421893ffa2e32 -> 
  custom:video-decoder-ogg-theora: a1e56fd34408186e4bbccfd4996cb3dc -> 
  custom:container-muxer-webm: aa71ff27fc2769a1b78a27578f13a17b -> 
  custom:container-demuxer-webm: 4f35f7cbe854078d1ac9338744f61a02 -> 
  custom:container-demuxer-ogg: 62fdf1f143b41e24485cea50d1cbac27 -> 
  custom:video-encoder-webm-vp8: eb34c28f22e8b96e1ab97ce403110664 -> 
  custom:video-decoder-webm-vp8: 9c59270c3fd7afecdb556c50c9e8de78 -> 
  custom:audio-decoder-ogg-vorbis: bf7c407c2cedff20999df2af8eb42d56 -> 
  custom:audio-encoder-webm-vorbis: bf7c407c2cedff20999df2af8eb42d56 -> 
========================================================================
Received Import Request.
  Time since last request: 23.117795 seconds.
  path: Assets/Skeletons/Animation
  artifactKey: Guid(8e23b637ef582724e83c077691a308b1) Importer(815301076,1909f56bfc062723c751e8b465ee728b)
Start importing Assets/Skeletons/Animation using Guid(8e23b637ef582724e83c077691a308b1) Importer(815301076,1909f56bfc062723c751e8b465ee728b)  -> (artifact id: '6e8b7c0ac2b173219b7482567142262f') in 0.003736 seconds 
========================================================================
Received Import Request.
  Time since last request: 2.080854 seconds.
  path: Assets/Skeletons/Models
  artifactKey: Guid(48372feb819b3ab458285916b57a9896) Importer(815301076,1909f56bfc062723c751e8b465ee728b)
Start importing Assets/Skeletons/Models using Guid(48372feb819b3ab458285916b57a9896) Importer(815301076,1909f56bfc062723c751e8b465ee728b)  -> (artifact id: '3c5f5fe9eceb15c9614472f20a0d3b9e') in 0.001945 seconds 
========================================================================
Received Import Request.
  Time since last request: 0.077957 seconds.
  path: Assets/Skeletons/Models/Dungeon_Skeleton.FBX
  artifactKey: Guid(20300ac630e0fcd4dbab63a9b39cdafa) Importer(815301076,1909f56bfc062723c751e8b465ee728b)
Start importing Assets/Skeletons/Models/Dungeon_Skeleton.FBX using Guid(20300ac630e0fcd4dbab63a9b39cdafa) Importer(815301076,1909f56bfc062723c751e8b465ee728b)  -> (artifact id: '3b07577e6ffdd4c4274afed8d7e8f185') in 0.520992 seconds 
========================================================================
Received Import Request.
  Time since last request: 1.350098 seconds.
  path: Assets/Skeletons/Models/Materials
  artifactKey: Guid(20b54a6db97bec74c8fd22825d16920e) Importer(815301076,1909f56bfc062723c751e8b465ee728b)
Start importing Assets/Skeletons/Models/Materials using Guid(20b54a6db97bec74c8fd22825d16920e) Importer(815301076,1909f56bfc062723c751e8b465ee728b)  -> (artifact id: '913b29f1cf0b9fdcb45915ec210e8fc3') in 0.001735 seconds 
AssetImportWorkerClient::OnTransportError - code=2 error=End of file
