Using pre-set license
Built from '2021.1/staging' branch; Version is '2021.1.12f1 (afcadd793de6) revision 11520733'; Using compiler version '192528614'; Build Type 'Release'
OS: 'Windows 10 Pro; OS build 18363.1379; Version 1909; 64bit' Language: 'en' Physical Memory: 32708 MB
BatchMode: 1, IsHumanControllingUs: 0, StartBugReporterOnCrash: 0, Is64bit: 1, IsPro: 0

 COMMAND LINE ARGUMENTS:
C:\Program Files\Unity\Hub\Editor\2021.1.12f1\Editor\Unity.exe
-adb2
-batchMode
-noUpm
-name
AssetImportWorker0
-projectPath
C:/Users/crussell2/AGA307-Assessment-1
-logFile
Logs/AssetImportWorker0.log
-srvPort
56398
Successfully changed project path to: C:/Users/crussell2/AGA307-Assessment-1
C:/Users/crussell2/AGA307-Assessment-1
Using Asset Import Pipeline V2.
Refreshing native plugins compatible for Editor in 68.74 ms, found 3 plugins.
Preloading 0 native plugins for Editor in 0.00 ms.
Initialize engine version: 2021.1.12f1 (afcadd793de6)
[Subsystems] Discovering subsystems at path C:/Program Files/Unity/Hub/Editor/2021.1.12f1/Editor/Data/Resources/UnitySubsystems
[Subsystems] Discovering subsystems at path C:/Users/crussell2/AGA307-Assessment-1/Assets
GfxDevice: creating device client; threaded=0; jobified=0
Direct3D:
    Version:  Direct3D 11.0 [level 11.1]
    Renderer: NVIDIA GeForce RTX 2060 (ID=0x1f08)
    Vendor:   NVIDIA
    VRAM:     5980 MB
    Driver:   27.21.14.5671
Initialize mono
Mono path[0] = 'C:/Program Files/Unity/Hub/Editor/2021.1.12f1/Editor/Data/Managed'
Mono path[1] = 'C:/Program Files/Unity/Hub/Editor/2021.1.12f1/Editor/Data/MonoBleedingEdge/lib/mono/unityjit'
Mono config path = 'C:/Program Files/Unity/Hub/Editor/2021.1.12f1/Editor/Data/MonoBleedingEdge/etc'
Using monoOptions --debugger-agent=transport=dt_socket,embedding=1,server=y,suspend=n,address=127.0.0.1:56492
Begin MonoManager ReloadAssembly
Registering precompiled unity dll's ...
Register platform support module: C:/Program Files/Unity/Hub/Editor/2021.1.12f1/Editor/Data/PlaybackEngines/WindowsStandaloneSupport/UnityEditor.WindowsStandalone.Extensions.dll
Registered in 0.001435 seconds.
Native extension for WindowsStandalone target not found
Refreshing native plugins compatible for Editor in 176.30 ms, found 3 plugins.
Preloading 0 native plugins for Editor in 0.00 ms.
Mono: successfully reloaded assembly
- Completed reload, in  1.280 seconds
Domain Reload Profiling:
	ReloadAssembly (1281ms)
		BeginReloadAssembly (57ms)
			ExecutionOrderSort (0ms)
			DisableScriptedObjects (0ms)
			BackupInstance (0ms)
			ReleaseScriptingObjects (0ms)
			CreateAndSetChildDomain (1ms)
		EndReloadAssembly (493ms)
			LoadAssemblies (55ms)
			RebuildTransferFunctionScriptingTraits (0ms)
			SetupTypeCache (138ms)
			ReleaseScriptCaches (0ms)
			RebuildScriptCaches (26ms)
			SetupLoadedEditorAssemblies (290ms)
				LogAssemblyErrors (0ms)
				InitializePlatformSupportModulesInManaged (5ms)
				SetLoadedEditorAssemblies (0ms)
				RefreshPlugins (176ms)
				BeforeProcessingInitializeOnLoad (1ms)
				ProcessInitializeOnLoadAttributes (82ms)
				ProcessInitializeOnLoadMethodAttributes (25ms)
				AfterProcessingInitializeOnLoad (0ms)
				EditorAssembliesLoaded (0ms)
			ExecutionOrderSort2 (0ms)
			AwakeInstancesAfterBackupRestoration (0ms)
Platform modules already initialized, skipping
Registering precompiled user dll's ...
Registered in 0.005670 seconds.
Begin MonoManager ReloadAssembly
Symbol file LoadedFromMemory doesn't match image C:\Users\crussell2\AGA307-Assessment-1\Library\PackageCache\com.unity.visualscripting@1.6.1\Editor\VisualScripting.Core\Dependencies\YamlDotNet\Unity.VisualScripting.YamlDotNet.dll
Symbol file LoadedFromMemory doesn't match image C:\Users\crussell2\AGA307-Assessment-1\Library\PackageCache\com.unity.visualscripting@1.6.1\Editor\VisualScripting.Core\Dependencies\DotNetZip\Unity.VisualScripting.IonicZip.dll
Native extension for WindowsStandalone target not found
Refreshing native plugins compatible for Editor in 0.55 ms, found 3 plugins.
Preloading 0 native plugins for Editor in 0.00 ms.
Mono: successfully reloaded assembly
- Completed reload, in  0.949 seconds
Domain Reload Profiling:
	ReloadAssembly (949ms)
		BeginReloadAssembly (136ms)
			ExecutionOrderSort (0ms)
			DisableScriptedObjects (4ms)
			BackupInstance (0ms)
			ReleaseScriptingObjects (0ms)
			CreateAndSetChildDomain (15ms)
		EndReloadAssembly (760ms)
			LoadAssemblies (87ms)
			RebuildTransferFunctionScriptingTraits (0ms)
			SetupTypeCache (287ms)
			ReleaseScriptCaches (0ms)
			RebuildScriptCaches (40ms)
			SetupLoadedEditorAssemblies (275ms)
				LogAssemblyErrors (0ms)
				InitializePlatformSupportModulesInManaged (4ms)
				SetLoadedEditorAssemblies (0ms)
				RefreshPlugins (1ms)
				BeforeProcessingInitializeOnLoad (60ms)
				ProcessInitializeOnLoadAttributes (199ms)
				ProcessInitializeOnLoadMethodAttributes (4ms)
				AfterProcessingInitializeOnLoad (6ms)
				EditorAssembliesLoaded (0ms)
			ExecutionOrderSort2 (0ms)
			AwakeInstancesAfterBackupRestoration (6ms)
Platform modules already initialized, skipping
========================================================================
Worker process is ready to serve import requests
Launched and connected shader compiler UnityShaderCompiler.exe after 0.05 seconds
Refreshing native plugins compatible for Editor in 0.57 ms, found 3 plugins.
Preloading 0 native plugins for Editor in 0.00 ms.
Unloading 3003 Unused Serialized files (Serialized files now loaded: 0)
System memory in use before: 110.6 MB.
System memory in use after: 110.8 MB.

Unloading 22 unused Assets to reduce memory usage. Loaded Objects now: 3455.
Total: 2.084700 ms (FindLiveObjects: 0.211200 ms CreateObjectMapping: 0.154400 ms MarkObjects: 1.651200 ms  DeleteObjects: 0.067300 ms)

AssetImportParameters requested are different than current active one (requested -> active):
  custom:framework-win-MediaFoundation: 216162199b28c13a410421893ffa2e32 -> 
  custom:video-decoder-ogg-theora: a1e56fd34408186e4bbccfd4996cb3dc -> 
  custom:container-muxer-webm: aa71ff27fc2769a1b78a27578f13a17b -> 
  custom:container-demuxer-webm: 4f35f7cbe854078d1ac9338744f61a02 -> 
  custom:container-demuxer-ogg: 62fdf1f143b41e24485cea50d1cbac27 -> 
  custom:video-encoder-webm-vp8: eb34c28f22e8b96e1ab97ce403110664 -> 
  custom:video-decoder-webm-vp8: 9c59270c3fd7afecdb556c50c9e8de78 -> 
  custom:audio-decoder-ogg-vorbis: bf7c407c2cedff20999df2af8eb42d56 -> 
  custom:audio-encoder-webm-vorbis: bf7c407c2cedff20999df2af8eb42d56 -> 
========================================================================
Received Import Request.
  path: Assets/Prefabs/Projectile.prefab
  artifactKey: Guid(e3a1d5bcd43ca12429ff77b2ce1a096b) Importer(815301076,1909f56bfc062723c751e8b465ee728b)
Start importing Assets/Prefabs/Projectile.prefab using Guid(e3a1d5bcd43ca12429ff77b2ce1a096b) Importer(815301076,1909f56bfc062723c751e8b465ee728b)  -> (artifact id: '2742c27c497e2393139ac9958309d17e') in 0.083290 seconds 
========================================================================
Received Import Request.
  Time since last request: 0.000202 seconds.
  path: Assets/Prefabs/SpawPoint.prefab
  artifactKey: Guid(35e54347347f8ea49adb9b45fa373697) Importer(815301076,1909f56bfc062723c751e8b465ee728b)
Start importing Assets/Prefabs/SpawPoint.prefab using Guid(35e54347347f8ea49adb9b45fa373697) Importer(815301076,1909f56bfc062723c751e8b465ee728b)  -> (artifact id: 'edc70e04b3761f07dff2d904b74caec2') in 0.008761 seconds 
========================================================================
Received Import Request.
  Time since last request: 6.659554 seconds.
  path: Assets/Particles/Prefabs
  artifactKey: Guid(28ee352041da81f4ab1c173c5837f9d9) Importer(815301076,1909f56bfc062723c751e8b465ee728b)
Start importing Assets/Particles/Prefabs using Guid(28ee352041da81f4ab1c173c5837f9d9) Importer(815301076,1909f56bfc062723c751e8b465ee728b)  -> (artifact id: '9ca1fe47611e7d8a274c51cd3b460092') in 0.002228 seconds 
========================================================================
Received Import Request.
  Time since last request: 0.132524 seconds.
  path: Assets/Particles/Prefabs/ParticleSparks.prefab
  artifactKey: Guid(5b66f1485b200924d9bb87052fd6c380) Importer(815301076,1909f56bfc062723c751e8b465ee728b)
Start importing Assets/Particles/Prefabs/ParticleSparks.prefab using Guid(5b66f1485b200924d9bb87052fd6c380) Importer(815301076,1909f56bfc062723c751e8b465ee728b)  -> (artifact id: 'cff19505a2bb1c08ced5f3730d693a2e') in 0.007834 seconds 
========================================================================
Received Import Request.
  Time since last request: 0.000224 seconds.
  path: Assets/Particles/Prefabs/ParticleStars.prefab
  artifactKey: Guid(6566a3f2b54cd6f45bb4c157bf7d3858) Importer(815301076,1909f56bfc062723c751e8b465ee728b)
Start importing Assets/Particles/Prefabs/ParticleStars.prefab using Guid(6566a3f2b54cd6f45bb4c157bf7d3858) Importer(815301076,1909f56bfc062723c751e8b465ee728b)  -> (artifact id: '9461f7bc7cdeb37dd5c60a6af7ec87ed') in 0.003423 seconds 
========================================================================
Received Import Request.
  Time since last request: 25.604892 seconds.
  path: Assets/Particles/Materials/ParticleExplosion.mat
  artifactKey: Guid(fd3bb70c85c9e42bf9312c53c17bfa4d) Importer(815301076,1909f56bfc062723c751e8b465ee728b)
Start importing Assets/Particles/Materials/ParticleExplosion.mat using Guid(fd3bb70c85c9e42bf9312c53c17bfa4d) Importer(815301076,1909f56bfc062723c751e8b465ee728b)  -> (artifact id: '143c9d10d0755e8b9cab495010badf36') in 0.040604 seconds 
========================================================================
Received Import Request.
  Time since last request: 0.819760 seconds.
  path: Assets/Particles/Textures/ParticleExplosion.psd
  artifactKey: Guid(f220b0a3a72c7c34f8d034c4d2cc3bff) Importer(815301076,1909f56bfc062723c751e8b465ee728b)
Start importing Assets/Particles/Textures/ParticleExplosion.psd using Guid(f220b0a3a72c7c34f8d034c4d2cc3bff) Importer(815301076,1909f56bfc062723c751e8b465ee728b)  -> (artifact id: 'a45957878e6fab696e8d487c0bcc6423') in 0.015335 seconds 
========================================================================
Received Import Request.
  Time since last request: 0.000132 seconds.
  path: Assets/Particles/Textures/SparkDot.png
  artifactKey: Guid(3deb8633c6b720d42aab1c61a340a3af) Importer(815301076,1909f56bfc062723c751e8b465ee728b)
Start importing Assets/Particles/Textures/SparkDot.png using Guid(3deb8633c6b720d42aab1c61a340a3af) Importer(815301076,1909f56bfc062723c751e8b465ee728b)  -> (artifact id: '918399dd92ffe24343b09e273df8839a') in 0.067411 seconds 
========================================================================
Received Import Request.
  Time since last request: 4.393850 seconds.
  path: Assets/Projectiles/Materials
  artifactKey: Guid(e2762915aa6d60749ba13b760b94e009) Importer(815301076,1909f56bfc062723c751e8b465ee728b)
Start importing Assets/Projectiles/Materials using Guid(e2762915aa6d60749ba13b760b94e009) Importer(815301076,1909f56bfc062723c751e8b465ee728b)  -> (artifact id: 'b1b5be7131c63a3beb52cc25d58332c8') in 0.001750 seconds 
========================================================================
Received Import Request.
  Time since last request: 0.230731 seconds.
  path: Assets/Projectiles/Materials/Circle18_MobABScroll.mat
  artifactKey: Guid(4acc7cb575216454fb885788b0565fbe) Importer(815301076,1909f56bfc062723c751e8b465ee728b)
Start importing Assets/Projectiles/Materials/Circle18_MobABScroll.mat using Guid(4acc7cb575216454fb885788b0565fbe) Importer(815301076,1909f56bfc062723c751e8b465ee728b)  -> (artifact id: 'd83cb594321b8c85ccffbd82350ec2ed') in 0.018399 seconds 
========================================================================
Received Import Request.
  Time since last request: 0.000217 seconds.
  path: Assets/Projectiles/Materials/UniqueProjectilesVol2_AB_10x10_8K.mat
  artifactKey: Guid(f1f9767b6e5cac94786537415c301234) Importer(815301076,1909f56bfc062723c751e8b465ee728b)
Start importing Assets/Projectiles/Materials/UniqueProjectilesVol2_AB_10x10_8K.mat using Guid(f1f9767b6e5cac94786537415c301234) Importer(815301076,1909f56bfc062723c751e8b465ee728b)  -> (artifact id: '99bacd6e1c12c9772043b83666a7634d') in 0.100895 seconds 
========================================================================
Received Import Request.
  Time since last request: 0.000260 seconds.
  path: Assets/Projectiles/Materials/ImpactWhite02_AddScroll_v2.mat
  artifactKey: Guid(fa8e89bcfa188e045b4802d7990a419e) Importer(815301076,1909f56bfc062723c751e8b465ee728b)
Start importing Assets/Projectiles/Materials/ImpactWhite02_AddScroll_v2.mat using Guid(fa8e89bcfa188e045b4802d7990a419e) Importer(815301076,1909f56bfc062723c751e8b465ee728b)  -> (artifact id: '9a5cc096cdff74a88562d7e774ffb73d') in 0.030997 seconds 
========================================================================
Received Import Request.
  Time since last request: 0.000230 seconds.
  path: Assets/Projectiles/Materials/UniqueProjectilesVol2_Add_10x10_8K.mat
  artifactKey: Guid(cdaf8230cf63e564588ddac3ef58c964) Importer(815301076,1909f56bfc062723c751e8b465ee728b)
Start importing Assets/Projectiles/Materials/UniqueProjectilesVol2_Add_10x10_8K.mat using Guid(cdaf8230cf63e564588ddac3ef58c964) Importer(815301076,1909f56bfc062723c751e8b465ee728b)  -> (artifact id: 'e90d8fb5b12e6e814f9daad134a30b30') in 0.056995 seconds 
========================================================================
Received Import Request.
  Time since last request: 0.000245 seconds.
  path: Assets/Projectiles/Materials/LaserBeams06_Scroll.mat
  artifactKey: Guid(f00425f3bf944d64ea6e44f8463e641b) Importer(815301076,1909f56bfc062723c751e8b465ee728b)
Start importing Assets/Projectiles/Materials/LaserBeams06_Scroll.mat using Guid(f00425f3bf944d64ea6e44f8463e641b) Importer(815301076,1909f56bfc062723c751e8b465ee728b)  -> (artifact id: '48751f03065eff28681ed136d1813015') in 0.012088 seconds 
========================================================================
Received Import Request.
  Time since last request: 0.000156 seconds.
  path: Assets/Projectiles/Materials/Trail02_AddScroll.mat
  artifactKey: Guid(b2a5b94f9b5689346a15d54cc3804e90) Importer(815301076,1909f56bfc062723c751e8b465ee728b)
Start importing Assets/Projectiles/Materials/Trail02_AddScroll.mat using Guid(b2a5b94f9b5689346a15d54cc3804e90) Importer(815301076,1909f56bfc062723c751e8b465ee728b)  -> (artifact id: '42c06dfdb867a154ecc4ca7dd2de761c') in 0.015972 seconds 
========================================================================
Received Import Request.
  Time since last request: 1.796566 seconds.
  path: Assets/Projectiles/Models
  artifactKey: Guid(09bcb785c89c6d948854faa470fcf528) Importer(815301076,1909f56bfc062723c751e8b465ee728b)
Start importing Assets/Projectiles/Models using Guid(09bcb785c89c6d948854faa470fcf528) Importer(815301076,1909f56bfc062723c751e8b465ee728b)  -> (artifact id: 'ce9ab208c3b762662f58f4dbd0c9f81d') in 0.002075 seconds 
========================================================================
Received Import Request.
  Time since last request: 0.039004 seconds.
  path: Assets/Projectiles/Models/Cone01.fbx
  artifactKey: Guid(99022348541e83041882f79e8107a045) Importer(815301076,1909f56bfc062723c751e8b465ee728b)
Start importing Assets/Projectiles/Models/Cone01.fbx using Guid(99022348541e83041882f79e8107a045) Importer(815301076,1909f56bfc062723c751e8b465ee728b)  -> (artifact id: '974b863853d7edcdf5e19aac47e470fb') in 0.028342 seconds 
========================================================================
Received Import Request.
  Time since last request: 0.000209 seconds.
  path: Assets/Projectiles/Models/RingMesh02.fbx
  artifactKey: Guid(de11a6b5579645e40912ca51e77e6935) Importer(815301076,1909f56bfc062723c751e8b465ee728b)
Start importing Assets/Projectiles/Models/RingMesh02.fbx using Guid(de11a6b5579645e40912ca51e77e6935) Importer(815301076,1909f56bfc062723c751e8b465ee728b)  -> (artifact id: '8b448fbc1d3195957821728fa5c5d028') in 0.010346 seconds 
========================================================================
Received Import Request.
  Time since last request: 0.000338 seconds.
  path: Assets/Projectiles/Models/Path02.fbx
  artifactKey: Guid(dd89d9574331c3e44804635a9ee3fee8) Importer(815301076,1909f56bfc062723c751e8b465ee728b)
Start importing Assets/Projectiles/Models/Path02.fbx using Guid(dd89d9574331c3e44804635a9ee3fee8) Importer(815301076,1909f56bfc062723c751e8b465ee728b)  -> (artifact id: 'fb32c0452dd8e1451a5a0d2be7d2cb90') in 0.021895 seconds 
========================================================================
Received Import Request.
  Time since last request: 1.511046 seconds.
  path: Assets/Projectiles/Prefabs
  artifactKey: Guid(d572f6e557dc9444b80e4c70750ab949) Importer(815301076,1909f56bfc062723c751e8b465ee728b)
Start importing Assets/Projectiles/Prefabs using Guid(d572f6e557dc9444b80e4c70750ab949) Importer(815301076,1909f56bfc062723c751e8b465ee728b)  -> (artifact id: 'acc78a1232249a8082b7e083d67e4c96') in 0.001680 seconds 
========================================================================
Received Import Request.
  Time since last request: 0.055902 seconds.
  path: Assets/Projectiles/Prefabs/FireballOrange.prefab
  artifactKey: Guid(d5a339be31649b643a20c1f600720768) Importer(815301076,1909f56bfc062723c751e8b465ee728b)
Start importing Assets/Projectiles/Prefabs/FireballOrange.prefab using Guid(d5a339be31649b643a20c1f600720768) Importer(815301076,1909f56bfc062723c751e8b465ee728b)  -> (artifact id: 'ad3a9ec04fccd552014943effa181e55') in 0.005202 seconds 
========================================================================
Received Import Request.
  Time since last request: 0.000250 seconds.
  path: Assets/Projectiles/Prefabs/Laser.prefab
  artifactKey: Guid(1c236994a7a8f4d4f95359f2f5c05744) Importer(815301076,1909f56bfc062723c751e8b465ee728b)
Start importing Assets/Projectiles/Prefabs/Laser.prefab using Guid(1c236994a7a8f4d4f95359f2f5c05744) Importer(815301076,1909f56bfc062723c751e8b465ee728b)  -> (artifact id: '1c1365be115fb5f23e15e307649391d4') in 0.003195 seconds 
========================================================================
Received Import Request.
  Time since last request: 0.000221 seconds.
  path: Assets/Projectiles/Prefabs/GreenOrb.prefab
  artifactKey: Guid(b2b94c2375b63594994dd7b0cd74eee4) Importer(815301076,1909f56bfc062723c751e8b465ee728b)
Start importing Assets/Projectiles/Prefabs/GreenOrb.prefab using Guid(b2b94c2375b63594994dd7b0cd74eee4) Importer(815301076,1909f56bfc062723c751e8b465ee728b)  -> (artifact id: '2cf5a04ebb3c58af5e75374e9835ca30') in 0.004379 seconds 
========================================================================
Received Import Request.
  Time since last request: 1.825475 seconds.
  path: Assets/Projectiles/Shaders
  artifactKey: Guid(de3d06bde6b74444d98a2681cae28ad2) Importer(815301076,1909f56bfc062723c751e8b465ee728b)
Start importing Assets/Projectiles/Shaders using Guid(de3d06bde6b74444d98a2681cae28ad2) Importer(815301076,1909f56bfc062723c751e8b465ee728b)  -> (artifact id: '5c058d97a22e5521b53a277e277d1e28') in 0.002024 seconds 
========================================================================
Received Import Request.
  Time since last request: 1.993658 seconds.
  path: Assets/Projectiles/Textures
  artifactKey: Guid(890abe23da40ac04992133f504048a25) Importer(815301076,1909f56bfc062723c751e8b465ee728b)
Start importing Assets/Projectiles/Textures using Guid(890abe23da40ac04992133f504048a25) Importer(815301076,1909f56bfc062723c751e8b465ee728b)  -> (artifact id: 'dddad286df6a663406b40267ffdce81d') in 0.002038 seconds 
========================================================================
Received Import Request.
  Time since last request: 0.055435 seconds.
  path: Assets/Projectiles/Textures/Circle18.png
  artifactKey: Guid(04e0a994fc64f3b48be255af77a900ac) Importer(815301076,1909f56bfc062723c751e8b465ee728b)
Start importing Assets/Projectiles/Textures/Circle18.png using Guid(04e0a994fc64f3b48be255af77a900ac) Importer(815301076,1909f56bfc062723c751e8b465ee728b)  -> (artifact id: 'ac73fc675d38efc4f533139d318e3549') in 0.007938 seconds 
========================================================================
Received Import Request.
  Time since last request: 0.000214 seconds.
  path: Assets/Projectiles/Textures/ImpactWhite02.png
  artifactKey: Guid(c936e49026718a642958d0ce5d715cd1) Importer(815301076,1909f56bfc062723c751e8b465ee728b)
Start importing Assets/Projectiles/Textures/ImpactWhite02.png using Guid(c936e49026718a642958d0ce5d715cd1) Importer(815301076,1909f56bfc062723c751e8b465ee728b)  -> (artifact id: 'b0eb754808659da0e1362667f297484e') in 0.009455 seconds 
========================================================================
Received Import Request.
  Time since last request: 0.000239 seconds.
  path: Assets/Projectiles/Textures/UniqueProjectilesVol2_10X10_8K.png
  artifactKey: Guid(dc1504da60856e747a11f936b44954b7) Importer(815301076,1909f56bfc062723c751e8b465ee728b)
Start importing Assets/Projectiles/Textures/UniqueProjectilesVol2_10X10_8K.png using Guid(dc1504da60856e747a11f936b44954b7) Importer(815301076,1909f56bfc062723c751e8b465ee728b)  -> (artifact id: 'acee99badf5b2abdfd0e761e65094008') in 0.038157 seconds 
========================================================================
Received Import Request.
  Time since last request: 6.587351 seconds.
  path: Assets/Scenes
  artifactKey: Guid(6ea315d0fd7389c41b19996891e99ae3) Importer(815301076,1909f56bfc062723c751e8b465ee728b)
Start importing Assets/Scenes using Guid(6ea315d0fd7389c41b19996891e99ae3) Importer(815301076,1909f56bfc062723c751e8b465ee728b)  -> (artifact id: '9168112a17b07f3ee034ca0d2dc1544d') in 0.002041 seconds 
========================================================================
Received Import Request.
  Time since last request: 1.193291 seconds.
  path: Assets/Scenes/Title.unity
  artifactKey: Guid(38d8cdfc32db906468357f478122470e) Importer(815301076,1909f56bfc062723c751e8b465ee728b)
Start importing Assets/Scenes/Title.unity using Guid(38d8cdfc32db906468357f478122470e) Importer(815301076,1909f56bfc062723c751e8b465ee728b)  -> (artifact id: '0953c8fdfb30a8ce138a78870359e3a5') in 0.002712 seconds 
========================================================================
Received Import Request.
  Time since last request: 12.802325 seconds.
  path: Assets/Scenes/Game.unity
  artifactKey: Guid(9fc0d4010bbf28b4594072e72b8655ab) Importer(815301076,1909f56bfc062723c751e8b465ee728b)
Start importing Assets/Scenes/Game.unity using Guid(9fc0d4010bbf28b4594072e72b8655ab) Importer(815301076,1909f56bfc062723c751e8b465ee728b)  -> (artifact id: '604c1130a7aecc815d42cc22b47dd1be') in 0.002183 seconds 
========================================================================
Received Prepare
Registering precompiled user dll's ...
Registered in 0.005542 seconds.
Begin MonoManager ReloadAssembly
Symbol file LoadedFromMemory doesn't match image C:\Users\crussell2\AGA307-Assessment-1\Library\PackageCache\com.unity.visualscripting@1.6.1\Editor\VisualScripting.Core\Dependencies\YamlDotNet\Unity.VisualScripting.YamlDotNet.dll
Symbol file LoadedFromMemory doesn't match image C:\Users\crussell2\AGA307-Assessment-1\Library\PackageCache\com.unity.visualscripting@1.6.1\Editor\VisualScripting.Core\Dependencies\DotNetZip\Unity.VisualScripting.IonicZip.dll
Native extension for WindowsStandalone target not found
Refreshing native plugins compatible for Editor in 0.62 ms, found 3 plugins.
Preloading 0 native plugins for Editor in 0.00 ms.
Mono: successfully reloaded assembly
- Completed reload, in  1.013 seconds
Domain Reload Profiling:
	ReloadAssembly (1013ms)
		BeginReloadAssembly (102ms)
			ExecutionOrderSort (0ms)
			DisableScriptedObjects (3ms)
			BackupInstance (0ms)
			ReleaseScriptingObjects (0ms)
			CreateAndSetChildDomain (28ms)
		EndReloadAssembly (860ms)
			LoadAssemblies (85ms)
			RebuildTransferFunctionScriptingTraits (0ms)
			SetupTypeCache (275ms)
			ReleaseScriptCaches (1ms)
			RebuildScriptCaches (32ms)
			SetupLoadedEditorAssemblies (240ms)
				LogAssemblyErrors (0ms)
				InitializePlatformSupportModulesInManaged (4ms)
				SetLoadedEditorAssemblies (0ms)
				RefreshPlugins (1ms)
				BeforeProcessingInitializeOnLoad (43ms)
				ProcessInitializeOnLoadAttributes (180ms)
				ProcessInitializeOnLoadMethodAttributes (5ms)
				AfterProcessingInitializeOnLoad (7ms)
				EditorAssembliesLoaded (0ms)
			ExecutionOrderSort2 (0ms)
			AwakeInstancesAfterBackupRestoration (12ms)
Platform modules already initialized, skipping
Refreshing native plugins compatible for Editor in 0.60 ms, found 3 plugins.
Preloading 0 native plugins for Editor in 0.00 ms.
Unloading 2986 Unused Serialized files (Serialized files now loaded: 0)
System memory in use before: 180.9 MB.
System memory in use after: 181.1 MB.

Unloading 18 unused Assets to reduce memory usage. Loaded Objects now: 3578.
Total: 2.144200 ms (FindLiveObjects: 0.217300 ms CreateObjectMapping: 0.159900 ms MarkObjects: 1.739900 ms  DeleteObjects: 0.025900 ms)

AssetImportParameters requested are different than current active one (requested -> active):
  custom:framework-win-MediaFoundation: 216162199b28c13a410421893ffa2e32 -> 
  custom:video-decoder-ogg-theora: a1e56fd34408186e4bbccfd4996cb3dc -> 
  custom:container-muxer-webm: aa71ff27fc2769a1b78a27578f13a17b -> 
  custom:container-demuxer-webm: 4f35f7cbe854078d1ac9338744f61a02 -> 
  custom:container-demuxer-ogg: 62fdf1f143b41e24485cea50d1cbac27 -> 
  custom:video-encoder-webm-vp8: eb34c28f22e8b96e1ab97ce403110664 -> 
  custom:video-decoder-webm-vp8: 9c59270c3fd7afecdb556c50c9e8de78 -> 
  custom:audio-decoder-ogg-vorbis: bf7c407c2cedff20999df2af8eb42d56 -> 
  custom:audio-encoder-webm-vorbis: bf7c407c2cedff20999df2af8eb42d56 -> 
========================================================================
Received Prepare
Registering precompiled user dll's ...
Registered in 0.005290 seconds.
Begin MonoManager ReloadAssembly
Symbol file LoadedFromMemory doesn't match image C:\Users\crussell2\AGA307-Assessment-1\Library\PackageCache\com.unity.visualscripting@1.6.1\Editor\VisualScripting.Core\Dependencies\YamlDotNet\Unity.VisualScripting.YamlDotNet.dll
Symbol file LoadedFromMemory doesn't match image C:\Users\crussell2\AGA307-Assessment-1\Library\PackageCache\com.unity.visualscripting@1.6.1\Editor\VisualScripting.Core\Dependencies\DotNetZip\Unity.VisualScripting.IonicZip.dll
Native extension for WindowsStandalone target not found
Refreshing native plugins compatible for Editor in 0.51 ms, found 3 plugins.
Preloading 0 native plugins for Editor in 0.00 ms.
Mono: successfully reloaded assembly
- Completed reload, in  0.863 seconds
Domain Reload Profiling:
	ReloadAssembly (863ms)
		BeginReloadAssembly (99ms)
			ExecutionOrderSort (0ms)
			DisableScriptedObjects (5ms)
			BackupInstance (0ms)
			ReleaseScriptingObjects (0ms)
			CreateAndSetChildDomain (27ms)
		EndReloadAssembly (713ms)
			LoadAssemblies (86ms)
			RebuildTransferFunctionScriptingTraits (0ms)
			SetupTypeCache (270ms)
			ReleaseScriptCaches (1ms)
			RebuildScriptCaches (31ms)
			SetupLoadedEditorAssemblies (244ms)
				LogAssemblyErrors (0ms)
				InitializePlatformSupportModulesInManaged (4ms)
				SetLoadedEditorAssemblies (0ms)
				RefreshPlugins (1ms)
				BeforeProcessingInitializeOnLoad (44ms)
				ProcessInitializeOnLoadAttributes (184ms)
				ProcessInitializeOnLoadMethodAttributes (5ms)
				AfterProcessingInitializeOnLoad (6ms)
				EditorAssembliesLoaded (0ms)
			ExecutionOrderSort2 (0ms)
			AwakeInstancesAfterBackupRestoration (12ms)
Platform modules already initialized, skipping
Refreshing native plugins compatible for Editor in 0.53 ms, found 3 plugins.
Preloading 0 native plugins for Editor in 0.00 ms.
Unloading 2981 Unused Serialized files (Serialized files now loaded: 0)
System memory in use before: 180.7 MB.
System memory in use after: 181.0 MB.

Unloading 17 unused Assets to reduce memory usage. Loaded Objects now: 3581.
Total: 2.265100 ms (FindLiveObjects: 0.234100 ms CreateObjectMapping: 0.138800 ms MarkObjects: 1.872100 ms  DeleteObjects: 0.019200 ms)

AssetImportParameters requested are different than current active one (requested -> active):
  custom:framework-win-MediaFoundation: 216162199b28c13a410421893ffa2e32 -> 
  custom:video-decoder-ogg-theora: a1e56fd34408186e4bbccfd4996cb3dc -> 
  custom:container-muxer-webm: aa71ff27fc2769a1b78a27578f13a17b -> 
  custom:container-demuxer-webm: 4f35f7cbe854078d1ac9338744f61a02 -> 
  custom:container-demuxer-ogg: 62fdf1f143b41e24485cea50d1cbac27 -> 
  custom:video-encoder-webm-vp8: eb34c28f22e8b96e1ab97ce403110664 -> 
  custom:video-decoder-webm-vp8: 9c59270c3fd7afecdb556c50c9e8de78 -> 
  custom:audio-decoder-ogg-vorbis: bf7c407c2cedff20999df2af8eb42d56 -> 
  custom:audio-encoder-webm-vorbis: bf7c407c2cedff20999df2af8eb42d56 -> 
========================================================================
Received Import Request.
  Time since last request: 1655.862840 seconds.
  path: Assets/Textures/Target.jpg
  artifactKey: Guid(4178e04bb926d524083725a26f7ddf5c) Importer(815301076,1909f56bfc062723c751e8b465ee728b)
Start importing Assets/Textures/Target.jpg using Guid(4178e04bb926d524083725a26f7ddf5c) Importer(815301076,1909f56bfc062723c751e8b465ee728b)  -> (artifact id: '3e31537e651d8f837d7cf4342d58c268') in 0.037357 seconds 
========================================================================
Received Import Request.
  Time since last request: 8.690342 seconds.
  path: Assets/Particles/Materials/SparkDot.mat
  artifactKey: Guid(b692d0ba979c41946bbe57f2baba17eb) Importer(815301076,1909f56bfc062723c751e8b465ee728b)
Start importing Assets/Particles/Materials/SparkDot.mat using Guid(b692d0ba979c41946bbe57f2baba17eb) Importer(815301076,1909f56bfc062723c751e8b465ee728b)  -> (artifact id: '4d1523e5a93820cac6140c800de9192f') in 0.044564 seconds 
========================================================================
Received Import Request.
  Time since last request: 29.082001 seconds.
  path: Assets/UI Toolkit/PanelSettings.asset
  artifactKey: Guid(41b6baabbee27b0469d8ca519cdad955) Importer(815301076,1909f56bfc062723c751e8b465ee728b)
Start importing Assets/UI Toolkit/PanelSettings.asset using Guid(41b6baabbee27b0469d8ca519cdad955) Importer(815301076,1909f56bfc062723c751e8b465ee728b)  -> (artifact id: '1dc558beeefbc56148c2f248be6029c0') in 0.004485 seconds 
========================================================================
Received Import Request.
  Time since last request: 8.025589 seconds.
  path: Assets/Scenes/Game.unity
  artifactKey: Guid(9fc0d4010bbf28b4594072e72b8655ab) Importer(815301076,1909f56bfc062723c751e8b465ee728b)
Start importing Assets/Scenes/Game.unity using Guid(9fc0d4010bbf28b4594072e72b8655ab) Importer(815301076,1909f56bfc062723c751e8b465ee728b)  -> (artifact id: '7c8e01f32d43aad4dbf96251c0c35e86') in 0.002186 seconds 
========================================================================
Received Import Request.
  Time since last request: 97.504914 seconds.
  path: Assets/Triple Dungeon Pack
  artifactKey: Guid(2eba96cf3f724cc4aba0c095f8d2bbed) Importer(815301076,1909f56bfc062723c751e8b465ee728b)
Start importing Assets/Triple Dungeon Pack using Guid(2eba96cf3f724cc4aba0c095f8d2bbed) Importer(815301076,1909f56bfc062723c751e8b465ee728b)  -> (artifact id: 'e755a92c51bf61640fcd134d2a873872') in 0.002092 seconds 
========================================================================
Received Import Request.
  Time since last request: 1.342192 seconds.
  path: Assets/Triple Dungeon Pack/Blue Dungeon
  artifactKey: Guid(80fc826ada972ef4e94edcd9171209c9) Importer(815301076,1909f56bfc062723c751e8b465ee728b)
Start importing Assets/Triple Dungeon Pack/Blue Dungeon using Guid(80fc826ada972ef4e94edcd9171209c9) Importer(815301076,1909f56bfc062723c751e8b465ee728b)  -> (artifact id: '26ba677224ac9da132a462323158ee9f') in 0.002056 seconds 
========================================================================
Received Import Request.
  Time since last request: 2.506796 seconds.
  path: Assets/Triple Dungeon Pack/Blue Dungeon/Data
  artifactKey: Guid(751eb113f2bdc994585c3386a10f3e0b) Importer(815301076,1909f56bfc062723c751e8b465ee728b)
Start importing Assets/Triple Dungeon Pack/Blue Dungeon/Data using Guid(751eb113f2bdc994585c3386a10f3e0b) Importer(815301076,1909f56bfc062723c751e8b465ee728b)  -> (artifact id: '85a0328e02e4970b7321f79d2f44c114') in 0.002246 seconds 
========================================================================
Received Import Request.
  Time since last request: 0.106031 seconds.
  path: Assets/Triple Dungeon Pack/Blue Dungeon/Data/blue_dungeon.fbx
  artifactKey: Guid(4e15996ba1e2f4b4392985ef6ac6b27c) Importer(815301076,1909f56bfc062723c751e8b465ee728b)
Start importing Assets/Triple Dungeon Pack/Blue Dungeon/Data/blue_dungeon.fbx using Guid(4e15996ba1e2f4b4392985ef6ac6b27c) Importer(815301076,1909f56bfc062723c751e8b465ee728b)  -> (artifact id: '14faa4b4d110241f41668659f0478c42') in 0.295205 seconds 
========================================================================
Received Import Request.
  Time since last request: 2.203869 seconds.
  path: Assets/Triple Dungeon Pack/Blue Dungeon/Prefabs
  artifactKey: Guid(1bace09ab9333e34b8793ac1cbf248ea) Importer(815301076,1909f56bfc062723c751e8b465ee728b)
Start importing Assets/Triple Dungeon Pack/Blue Dungeon/Prefabs using Guid(1bace09ab9333e34b8793ac1cbf248ea) Importer(815301076,1909f56bfc062723c751e8b465ee728b)  -> (artifact id: 'd51234de7feb026cb64a72b7b0c2e75d') in 0.001870 seconds 
========================================================================
Received Import Request.
  Time since last request: 0.071755 seconds.
  path: Assets/Triple Dungeon Pack/Blue Dungeon/Prefabs/Blue Dungeon.prefab
  artifactKey: Guid(cd32442e201a7a145a8f67aa484acd4d) Importer(815301076,1909f56bfc062723c751e8b465ee728b)
Start importing Assets/Triple Dungeon Pack/Blue Dungeon/Prefabs/Blue Dungeon.prefab using Guid(cd32442e201a7a145a8f67aa484acd4d) Importer(815301076,1909f56bfc062723c751e8b465ee728b)  -> (artifact id: '0f15a92c3de44bc0635bb30ec3d864f6') in 0.039720 seconds 
========================================================================
Received Import Request.
  Time since last request: 12.523651 seconds.
  path: Assets/Skeletons/Prefabs
  artifactKey: Guid(0c6dac04eeb85c64185ea80245e13c40) Importer(815301076,1909f56bfc062723c751e8b465ee728b)
Start importing Assets/Skeletons/Prefabs using Guid(0c6dac04eeb85c64185ea80245e13c40) Importer(815301076,1909f56bfc062723c751e8b465ee728b)  -> (artifact id: '66beca6cdb2e23b01ee9498a76264b48') in 0.002296 seconds 
========================================================================
Received Import Request.
  Time since last request: 0.070951 seconds.
  path: Assets/Skeletons/Prefabs/Skeleton_A.prefab
  artifactKey: Guid(a27aaa9514020fa44bb6081abd5f14fc) Importer(815301076,1909f56bfc062723c751e8b465ee728b)
Start importing Assets/Skeletons/Prefabs/Skeleton_A.prefab using Guid(a27aaa9514020fa44bb6081abd5f14fc) Importer(815301076,1909f56bfc062723c751e8b465ee728b)  -> (artifact id: '8c885858edde53c1cc4bc67012a96c5e') in 0.031420 seconds 
========================================================================
Received Import Request.
  Time since last request: 0.000277 seconds.
  path: Assets/Skeletons/Prefabs/Skeleton_C.prefab
  artifactKey: Guid(d86c716d338a1a04d89b6ee52d44933c) Importer(815301076,1909f56bfc062723c751e8b465ee728b)
Start importing Assets/Skeletons/Prefabs/Skeleton_C.prefab using Guid(d86c716d338a1a04d89b6ee52d44933c) Importer(815301076,1909f56bfc062723c751e8b465ee728b)  -> (artifact id: 'bb1abff879e0bce8f9a9cfa7cd97769b') in 0.030650 seconds 
========================================================================
Received Import Request.
  Time since last request: 0.000273 seconds.
  path: Assets/Skeletons/Prefabs/Skeleton_D.prefab
  artifactKey: Guid(b2951f8d32af933468dd00c41bb3f7d8) Importer(815301076,1909f56bfc062723c751e8b465ee728b)
Start importing Assets/Skeletons/Prefabs/Skeleton_D.prefab using Guid(b2951f8d32af933468dd00c41bb3f7d8) Importer(815301076,1909f56bfc062723c751e8b465ee728b)  -> (artifact id: '3c3a97d925fc21dc2c45dcca895a1dd2') in 0.028866 seconds 
========================================================================
Received Import Request.
  Time since last request: 0.000233 seconds.
  path: Assets/Skeletons/Prefabs/Skeleton_TwoHanded_A.prefab
  artifactKey: Guid(95af6d03dc5e07142b1a349a829d8b30) Importer(815301076,1909f56bfc062723c751e8b465ee728b)
Start importing Assets/Skeletons/Prefabs/Skeleton_TwoHanded_A.prefab using Guid(95af6d03dc5e07142b1a349a829d8b30) Importer(815301076,1909f56bfc062723c751e8b465ee728b)  -> (artifact id: 'f50f7049e82d56da9165d04f9f5e1648') in 0.014683 seconds 
========================================================================
Received Import Request.
  Time since last request: 0.000235 seconds.
  path: Assets/Skeletons/Prefabs/Skeleton_archer_A.prefab
  artifactKey: Guid(b806d07906e3ec2418b856b830337dcf) Importer(815301076,1909f56bfc062723c751e8b465ee728b)
Start importing Assets/Skeletons/Prefabs/Skeleton_archer_A.prefab using Guid(b806d07906e3ec2418b856b830337dcf) Importer(815301076,1909f56bfc062723c751e8b465ee728b)  -> (artifact id: '206868ac30d970bd9244bb5466f29a05') in 0.014107 seconds 
========================================================================
Received Import Request.
  Time since last request: 0.000249 seconds.
  path: Assets/Skeletons/Prefabs/Skeleton_archer_B.prefab
  artifactKey: Guid(cf1f48d2327ff8640a3ed8e9673685ac) Importer(815301076,1909f56bfc062723c751e8b465ee728b)
Start importing Assets/Skeletons/Prefabs/Skeleton_archer_B.prefab using Guid(cf1f48d2327ff8640a3ed8e9673685ac) Importer(815301076,1909f56bfc062723c751e8b465ee728b)  -> (artifact id: 'b588c941892c0534f508f30afc5ac741') in 0.014630 seconds 
========================================================================
Received Import Request.
  Time since last request: 0.000229 seconds.
  path: Assets/Skeletons/Prefabs/Skeleton_F.prefab
  artifactKey: Guid(3a367ca1b4f5a1a47bda6e98e7ba1f43) Importer(815301076,1909f56bfc062723c751e8b465ee728b)
Start importing Assets/Skeletons/Prefabs/Skeleton_F.prefab using Guid(3a367ca1b4f5a1a47bda6e98e7ba1f43) Importer(815301076,1909f56bfc062723c751e8b465ee728b)  -> (artifact id: 'a895264cd8c53eb592ea43d98421fa59') in 0.017602 seconds 
========================================================================
Received Import Request.
  Time since last request: 0.000207 seconds.
  path: Assets/Skeletons/Prefabs/Skeleton_E.prefab
  artifactKey: Guid(e967c42ede832ae4d964d682b25ec538) Importer(815301076,1909f56bfc062723c751e8b465ee728b)
Start importing Assets/Skeletons/Prefabs/Skeleton_E.prefab using Guid(e967c42ede832ae4d964d682b25ec538) Importer(815301076,1909f56bfc062723c751e8b465ee728b)  -> (artifact id: '8e7c40329cda3b70aea3c120e56207a2') in 0.014768 seconds 
========================================================================
Received Import Request.
  Time since last request: 0.000150 seconds.
  path: Assets/Skeletons/Prefabs/Skeleton_TwoHanded_B.prefab
  artifactKey: Guid(77ad0facb2a27504ab8edf68c35a1346) Importer(815301076,1909f56bfc062723c751e8b465ee728b)
Start importing Assets/Skeletons/Prefabs/Skeleton_TwoHanded_B.prefab using Guid(77ad0facb2a27504ab8edf68c35a1346) Importer(815301076,1909f56bfc062723c751e8b465ee728b)  -> (artifact id: '14b2f290f18bd0c719cba9c8e7a6908d') in 0.013243 seconds 
========================================================================
Received Import Request.
  Time since last request: 0.000143 seconds.
  path: Assets/Skeletons/Prefabs/Skeleton_B.prefab
  artifactKey: Guid(37030c5c7c1b6674dac293a85cc7d5a6) Importer(815301076,1909f56bfc062723c751e8b465ee728b)
Start importing Assets/Skeletons/Prefabs/Skeleton_B.prefab using Guid(37030c5c7c1b6674dac293a85cc7d5a6) Importer(815301076,1909f56bfc062723c751e8b465ee728b)  -> (artifact id: 'c61847ca860e44dcca16f5f94395eb41') in 0.012257 seconds 
========================================================================
Received Import Request.
  Time since last request: 10.442464 seconds.
  path: Assets/Materials/Player.mat
  artifactKey: Guid(a89b1c5c4822ac84e93947ca38af1202) Importer(815301076,1909f56bfc062723c751e8b465ee728b)
Start importing Assets/Materials/Player.mat using Guid(a89b1c5c4822ac84e93947ca38af1202) Importer(815301076,1909f56bfc062723c751e8b465ee728b)  -> (artifact id: '08d430f088828ee241f7dffd20ced27e') in 0.008995 seconds 
========================================================================
Received Import Request.
  Time since last request: 0.000244 seconds.
  path: Assets/Materials/Projectile.mat
  artifactKey: Guid(911e3adb290a85a4ea47278fb99f1256) Importer(815301076,1909f56bfc062723c751e8b465ee728b)
Start importing Assets/Materials/Projectile.mat using Guid(911e3adb290a85a4ea47278fb99f1256) Importer(815301076,1909f56bfc062723c751e8b465ee728b)  -> (artifact id: '18c70efeb4a8251554881b628cabe31f') in 0.006977 seconds 
========================================================================
Received Import Request.
  Time since last request: 0.000235 seconds.
  path: Assets/Materials/Transparent.mat
  artifactKey: Guid(936dce26592b5224894a25d95ef3d74d) Importer(815301076,1909f56bfc062723c751e8b465ee728b)
Start importing Assets/Materials/Transparent.mat using Guid(936dce26592b5224894a25d95ef3d74d) Importer(815301076,1909f56bfc062723c751e8b465ee728b)  -> (artifact id: 'a8833dc41d654a99c05da8c1af145d68') in 0.011732 seconds 
========================================================================
Received Import Request.
  Time since last request: 0.000244 seconds.
  path: Assets/Materials/Target.mat
  artifactKey: Guid(c69ecaa54f64f814ca1ace93688232f9) Importer(815301076,1909f56bfc062723c751e8b465ee728b)
Start importing Assets/Materials/Target.mat using Guid(c69ecaa54f64f814ca1ace93688232f9) Importer(815301076,1909f56bfc062723c751e8b465ee728b)  -> (artifact id: '6b96d169566d4059f3f2f3c7f962201d') in 0.010344 seconds 
========================================================================
Received Prepare
Registering precompiled user dll's ...
Registered in 0.005466 seconds.
Begin MonoManager ReloadAssembly
Symbol file LoadedFromMemory doesn't match image C:\Users\crussell2\AGA307-Assessment-1\Library\PackageCache\com.unity.visualscripting@1.6.1\Editor\VisualScripting.Core\Dependencies\YamlDotNet\Unity.VisualScripting.YamlDotNet.dll
Symbol file LoadedFromMemory doesn't match image C:\Users\crussell2\AGA307-Assessment-1\Library\PackageCache\com.unity.visualscripting@1.6.1\Editor\VisualScripting.Core\Dependencies\DotNetZip\Unity.VisualScripting.IonicZip.dll
Native extension for WindowsStandalone target not found
Refreshing native plugins compatible for Editor in 0.53 ms, found 3 plugins.
Preloading 0 native plugins for Editor in 0.00 ms.
Mono: successfully reloaded assembly
- Completed reload, in  0.896 seconds
Domain Reload Profiling:
	ReloadAssembly (897ms)
		BeginReloadAssembly (107ms)
			ExecutionOrderSort (0ms)
			DisableScriptedObjects (4ms)
			BackupInstance (0ms)
			ReleaseScriptingObjects (0ms)
			CreateAndSetChildDomain (30ms)
		EndReloadAssembly (736ms)
			LoadAssemblies (89ms)
			RebuildTransferFunctionScriptingTraits (0ms)
			SetupTypeCache (280ms)
			ReleaseScriptCaches (1ms)
			RebuildScriptCaches (36ms)
			SetupLoadedEditorAssemblies (246ms)
				LogAssemblyErrors (0ms)
				InitializePlatformSupportModulesInManaged (4ms)
				SetLoadedEditorAssemblies (0ms)
				RefreshPlugins (1ms)
				BeforeProcessingInitializeOnLoad (44ms)
				ProcessInitializeOnLoadAttributes (188ms)
				ProcessInitializeOnLoadMethodAttributes (4ms)
				AfterProcessingInitializeOnLoad (6ms)
				EditorAssembliesLoaded (0ms)
			ExecutionOrderSort2 (0ms)
			AwakeInstancesAfterBackupRestoration (11ms)
Platform modules already initialized, skipping
Refreshing native plugins compatible for Editor in 0.56 ms, found 3 plugins.
Preloading 0 native plugins for Editor in 0.00 ms.
Unloading 2982 Unused Serialized files (Serialized files now loaded: 0)
System memory in use before: 196.2 MB.
System memory in use after: 196.4 MB.

Unloading 17 unused Assets to reduce memory usage. Loaded Objects now: 3601.
Total: 2.009100 ms (FindLiveObjects: 0.252800 ms CreateObjectMapping: 0.154600 ms MarkObjects: 1.586300 ms  DeleteObjects: 0.014500 ms)

AssetImportParameters requested are different than current active one (requested -> active):
  custom:framework-win-MediaFoundation: 216162199b28c13a410421893ffa2e32 -> 
  custom:video-decoder-ogg-theora: a1e56fd34408186e4bbccfd4996cb3dc -> 
  custom:container-muxer-webm: aa71ff27fc2769a1b78a27578f13a17b -> 
  custom:container-demuxer-webm: 4f35f7cbe854078d1ac9338744f61a02 -> 
  custom:container-demuxer-ogg: 62fdf1f143b41e24485cea50d1cbac27 -> 
  custom:video-encoder-webm-vp8: eb34c28f22e8b96e1ab97ce403110664 -> 
  custom:video-decoder-webm-vp8: 9c59270c3fd7afecdb556c50c9e8de78 -> 
  custom:audio-decoder-ogg-vorbis: bf7c407c2cedff20999df2af8eb42d56 -> 
  custom:audio-encoder-webm-vorbis: bf7c407c2cedff20999df2af8eb42d56 -> 
========================================================================
Received Import Request.
  Time since last request: 5541.318120 seconds.
  path: Assets/Particles/Materials
  artifactKey: Guid(abdd48c3fd9dd42449d336dc48de50ae) Importer(815301076,1909f56bfc062723c751e8b465ee728b)
Start importing Assets/Particles/Materials using Guid(abdd48c3fd9dd42449d336dc48de50ae) Importer(815301076,1909f56bfc062723c751e8b465ee728b)  -> (artifact id: '83ab841f399038589550d44b025f1840') in 0.007156 seconds 
========================================================================
Received Prepare
Registering precompiled user dll's ...
Registered in 0.005841 seconds.
Begin MonoManager ReloadAssembly
Symbol file LoadedFromMemory doesn't match image C:\Users\crussell2\AGA307-Assessment-1\Library\PackageCache\com.unity.visualscripting@1.6.1\Editor\VisualScripting.Core\Dependencies\YamlDotNet\Unity.VisualScripting.YamlDotNet.dll
Symbol file LoadedFromMemory doesn't match image C:\Users\crussell2\AGA307-Assessment-1\Library\PackageCache\com.unity.visualscripting@1.6.1\Editor\VisualScripting.Core\Dependencies\DotNetZip\Unity.VisualScripting.IonicZip.dll
Native extension for WindowsStandalone target not found
Refreshing native plugins compatible for Editor in 0.50 ms, found 3 plugins.
Preloading 0 native plugins for Editor in 0.00 ms.
Mono: successfully reloaded assembly
- Completed reload, in  0.875 seconds
Domain Reload Profiling:
	ReloadAssembly (875ms)
		BeginReloadAssembly (100ms)
			ExecutionOrderSort (0ms)
			DisableScriptedObjects (5ms)
			BackupInstance (0ms)
			ReleaseScriptingObjects (0ms)
			CreateAndSetChildDomain (28ms)
		EndReloadAssembly (724ms)
			LoadAssemblies (85ms)
			RebuildTransferFunctionScriptingTraits (0ms)
			SetupTypeCache (279ms)
			ReleaseScriptCaches (1ms)
			RebuildScriptCaches (35ms)
			SetupLoadedEditorAssemblies (244ms)
				LogAssemblyErrors (0ms)
				InitializePlatformSupportModulesInManaged (4ms)
				SetLoadedEditorAssemblies (0ms)
				RefreshPlugins (1ms)
				BeforeProcessingInitializeOnLoad (43ms)
				ProcessInitializeOnLoadAttributes (187ms)
				ProcessInitializeOnLoadMethodAttributes (4ms)
				AfterProcessingInitializeOnLoad (6ms)
				EditorAssembliesLoaded (0ms)
			ExecutionOrderSort2 (0ms)
			AwakeInstancesAfterBackupRestoration (11ms)
Platform modules already initialized, skipping
Refreshing native plugins compatible for Editor in 0.53 ms, found 3 plugins.
Preloading 0 native plugins for Editor in 0.00 ms.
Unloading 2981 Unused Serialized files (Serialized files now loaded: 0)
System memory in use before: 196.2 MB.
System memory in use after: 196.4 MB.

Unloading 17 unused Assets to reduce memory usage. Loaded Objects now: 3604.
Total: 2.223200 ms (FindLiveObjects: 0.238700 ms CreateObjectMapping: 0.151800 ms MarkObjects: 1.814900 ms  DeleteObjects: 0.016600 ms)

AssetImportParameters requested are different than current active one (requested -> active):
  custom:framework-win-MediaFoundation: 216162199b28c13a410421893ffa2e32 -> 
  custom:video-decoder-ogg-theora: a1e56fd34408186e4bbccfd4996cb3dc -> 
  custom:container-muxer-webm: aa71ff27fc2769a1b78a27578f13a17b -> 
  custom:container-demuxer-webm: 4f35f7cbe854078d1ac9338744f61a02 -> 
  custom:container-demuxer-ogg: 62fdf1f143b41e24485cea50d1cbac27 -> 
  custom:video-encoder-webm-vp8: eb34c28f22e8b96e1ab97ce403110664 -> 
  custom:video-decoder-webm-vp8: 9c59270c3fd7afecdb556c50c9e8de78 -> 
  custom:audio-decoder-ogg-vorbis: bf7c407c2cedff20999df2af8eb42d56 -> 
  custom:audio-encoder-webm-vorbis: bf7c407c2cedff20999df2af8eb42d56 -> 
========================================================================
Received Prepare
Registering precompiled user dll's ...
Registered in 0.006536 seconds.
Begin MonoManager ReloadAssembly
Symbol file LoadedFromMemory doesn't match image C:\Users\crussell2\AGA307-Assessment-1\Library\PackageCache\com.unity.visualscripting@1.6.1\Editor\VisualScripting.Core\Dependencies\YamlDotNet\Unity.VisualScripting.YamlDotNet.dll
Symbol file LoadedFromMemory doesn't match image C:\Users\crussell2\AGA307-Assessment-1\Library\PackageCache\com.unity.visualscripting@1.6.1\Editor\VisualScripting.Core\Dependencies\DotNetZip\Unity.VisualScripting.IonicZip.dll
Native extension for WindowsStandalone target not found
Refreshing native plugins compatible for Editor in 0.80 ms, found 3 plugins.
Preloading 0 native plugins for Editor in 0.00 ms.
Mono: successfully reloaded assembly
- Completed reload, in  1.354 seconds
Domain Reload Profiling:
	ReloadAssembly (1354ms)
		BeginReloadAssembly (215ms)
			ExecutionOrderSort (0ms)
			DisableScriptedObjects (12ms)
			BackupInstance (0ms)
			ReleaseScriptingObjects (0ms)
			CreateAndSetChildDomain (76ms)
		EndReloadAssembly (1057ms)
			LoadAssemblies (126ms)
			RebuildTransferFunctionScriptingTraits (0ms)
			SetupTypeCache (393ms)
			ReleaseScriptCaches (1ms)
			RebuildScriptCaches (33ms)
			SetupLoadedEditorAssemblies (290ms)
				LogAssemblyErrors (0ms)
				InitializePlatformSupportModulesInManaged (7ms)
				SetLoadedEditorAssemblies (0ms)
				RefreshPlugins (1ms)
				BeforeProcessingInitializeOnLoad (49ms)
				ProcessInitializeOnLoadAttributes (222ms)
				ProcessInitializeOnLoadMethodAttributes (4ms)
				AfterProcessingInitializeOnLoad (7ms)
				EditorAssembliesLoaded (0ms)
			ExecutionOrderSort2 (0ms)
			AwakeInstancesAfterBackupRestoration (12ms)
Platform modules already initialized, skipping
Refreshing native plugins compatible for Editor in 0.59 ms, found 3 plugins.
Preloading 0 native plugins for Editor in 0.00 ms.
Unloading 2981 Unused Serialized files (Serialized files now loaded: 0)
System memory in use before: 196.2 MB.
System memory in use after: 196.4 MB.

Unloading 17 unused Assets to reduce memory usage. Loaded Objects now: 3607.
Total: 2.335700 ms (FindLiveObjects: 0.262100 ms CreateObjectMapping: 0.167100 ms MarkObjects: 1.886000 ms  DeleteObjects: 0.019600 ms)

AssetImportParameters requested are different than current active one (requested -> active):
  custom:framework-win-MediaFoundation: 216162199b28c13a410421893ffa2e32 -> 
  custom:video-decoder-ogg-theora: a1e56fd34408186e4bbccfd4996cb3dc -> 
  custom:container-muxer-webm: aa71ff27fc2769a1b78a27578f13a17b -> 
  custom:container-demuxer-webm: 4f35f7cbe854078d1ac9338744f61a02 -> 
  custom:container-demuxer-ogg: 62fdf1f143b41e24485cea50d1cbac27 -> 
  custom:video-encoder-webm-vp8: eb34c28f22e8b96e1ab97ce403110664 -> 
  custom:video-decoder-webm-vp8: 9c59270c3fd7afecdb556c50c9e8de78 -> 
  custom:audio-decoder-ogg-vorbis: bf7c407c2cedff20999df2af8eb42d56 -> 
  custom:audio-encoder-webm-vorbis: bf7c407c2cedff20999df2af8eb42d56 -> 
AssetImportWorkerClient::OnTransportError - code=2 error=End of file
